<?xml version="1.0" encoding="utf-8"?><testsuites name="pytest tests"><testsuite name="pytest" errors="0" failures="0" skipped="0" tests="73" time="97.887" timestamp="2026-08-24T12:29:33.124119+00:00" hostname="agent-env-cb5958a8-61bb-453d-9313-bce9a37c4b1e"><testcase classname="tests.backend_test.TestHealth" name="test_health" time="0.286" /><testcase classname="tests.backend_test.TestAuth" name="test_register_returns_token_and_user" time="0.303" /><testcase classname="tests.backend_test.TestAuth" name="test_register_duplicate_email_conflicts" time="0.316" /><testcase classname="tests.backend_test.TestAuth" name="test_login_valid_credentials" time="0.263" /><testcase classname="tests.backend_test.TestAuth" name="test_login_invalid_password_401" time="0.594" /><testcase classname="tests.backend_test.TestAuth" name="test_login_unknown_email_401" time="0.041" /><testcase classname="tests.backend_test.TestAuth" name="test_brute_force_lockout_429" time="1.697" /><testcase classname="tests.backend_test.TestAuth" name="test_me_without_token_401" time="0.041" /><testcase classname="tests.backend_test.TestAuth" name="test_me_with_tampered_token_401" time="0.318" /><testcase classname="tests.backend_test.TestAuth" name="test_password_hash_is_bcrypt" time="0.148" /><testcase classname="tests.backend_test.TestProfile" name="test_profile_requires_auth" time="0.096" /><testcase classname="tests.backend_test.TestProfile" name="test_default_profile_is_empty" time="0.309" /><testcase classname="tests.backend_test.TestProfile" name="test_profile_update_persists" time="0.090" /><testcase classname="tests.backend_test.TestScan" name="test_scan_requires_auth" time="0.040" /><testcase classname="tests.backend_test.TestScan" name="test_scan_without_file_or_text_400" time="0.043" /><testcase classname="tests.backend_test.TestScan" name="test_food_scan_shape_and_personalisation" time="14.362" /><testcase classname="tests.backend_test.TestScan" name="test_medicine_scan_returns_notice" time="9.817" /><testcase classname="tests.backend_test.TestScan" name="test_invalid_mode_defaults_to_food" time="14.086" /><testcase classname="tests.backend_test.TestHistory" name="test_history_requires_auth" time="0.076" /><testcase classname="tests.backend_test.TestHistory" name="test_history_contains_scans_newest_first" time="0.036" /><testcase classname="tests.backend_test.TestHistory" name="test_user_isolation" time="0.358" /><testcase classname="tests.backend_test.TestHistory" name="test_clear_history" time="0.115" /><testcase classname="tests.test_iter4_deploy_regression" name="test_frontend_env_file_exists_with_backend_url" time="0.000" /><testcase classname="tests.test_iter4_deploy_regression" name="test_health" time="0.151" /><testcase classname="tests.test_iter4_deploy_regression" name="test_register_then_login_fresh_user" time="0.547" /><testcase classname="tests.test_iter4_deploy_regression" name="test_seeded_profile_has_avatar" time="0.295" /><testcase classname="tests.test_iter4_deploy_regression" name="test_partial_put_keeps_avatar" time="0.094" /><testcase classname="tests.test_iter4_deploy_regression" name="test_barcode_food_nutella" time="0.194" /><testcase classname="tests.test_iter4_deploy_regression" name="test_scan_by_barcode_returns_real_analysis" time="19.144" /><testcase classname="tests.test_iter5_gitignore_envfiles" name="test_required_env_files_not_ignored[frontend/.env]" time="0.003" /><testcase classname="tests.test_iter5_gitignore_envfiles" name="test_required_env_files_not_ignored[backend/.env]" time="0.003" /><testcase classname="tests.test_iter5_gitignore_envfiles" name="test_generic_env_pattern_still_active" time="0.006" /><testcase classname="tests.test_iter5_gitignore_envfiles" name="test_git_status_reports_env_files_as_untracked_not_ignored" time="0.004" /><testcase classname="tests.test_iter5_gitignore_envfiles" name="test_frontend_env_keys" time="0.000" /><testcase classname="tests.test_iter5_gitignore_envfiles" name="test_backend_env_keys[MONGO_URL]" time="0.001" /><testcase classname="tests.test_iter5_gitignore_envfiles" name="test_backend_env_keys[DB_NAME]" time="0.001" /><testcase classname="tests.test_iter5_gitignore_envfiles" name="test_backend_env_keys[SECRET_KEY]" time="0.000" /><testcase classname="tests.test_iter5_gitignore_envfiles" name="test_backend_env_keys[EMERGENT_LLM_KEY]" time="0.000" /><testcase classname="tests.test_iter5_gitignore_envfiles" name="test_backend_env_keys[CORS_ORIGINS]" time="0.000" /><testcase classname="tests.test_iter6_requirements.TestRequirementManifests" name="test_backend_requirements_exists" time="0.000" /><testcase classname="tests.test_iter6_requirements.TestRequirementManifests" name="test_backend_requirements_contains_package[fastapi]" time="0.000" /><testcase classname="tests.test_iter6_requirements.TestRequirementManifests" name="test_backend_requirements_contains_package[uvicorn]" time="0.000" /><testcase classname="tests.test_iter6_requirements.TestRequirementManifests" name="test_backend_requirements_contains_package[click]" time="0.000" /><testcase classname="tests.test_iter6_requirements.TestRequirementManifests" name="test_backend_requirements_contains_package[starlette]" time="0.000" /><testcase classname="tests.test_iter6_requirements.TestRequirementManifests" name="test_backend_requirements_contains_package[pydantic]" time="0.000" /><testcase classname="tests.test_iter6_requirements.TestRequirementManifests" name="test_backend_requirements_contains_package[motor]" time="0.000" /><testcase classname="tests.test_iter6_requirements.TestRequirementManifests" name="test_backend_requirements_contains_package[pymongo]" time="0.000" /><testcase classname="tests.test_iter6_requirements.TestRequirementManifests" name="test_backend_requirements_contains_package[python-multipart]" time="0.000" /><testcase classname="tests.test_iter6_requirements.TestRequirementManifests" name="test_backend_requirements_contains_package[pillow]" time="0.000" /><testcase classname="tests.test_iter6_requirements.TestRequirementManifests" name="test_backend_requirements_contains_package[pytesseract]" time="0.000" /><testcase classname="tests.test_iter6_requirements.TestRequirementManifests" name="test_backend_requirements_contains_package[python-dotenv]" time="0.000" /><testcase classname="tests.test_iter6_requirements.TestRequirementManifests" name="test_backend_requirements_contains_package[httpx]" time="0.000" /><testcase classname="tests.test_iter6_requirements.TestRequirementManifests" name="test_backend_requirements_contains_package[bcrypt]" time="0.000" /><testcase classname="tests.test_iter6_requirements.TestRequirementManifests" name="test_backend_requirements_contains_package[emergentintegrations]" time="0.000" /><testcase classname="tests.test_iter6_requirements.TestRequirementManifests" name="test_uvicorn_has_standard_extra" time="0.000" /><testcase classname="tests.test_iter6_requirements.TestRequirementManifests" name="test_root_requirements_has_click_and_starlette" time="0.000" /><testcase classname="tests.test_iter6_requirements.TestRequirementManifests" name="test_root_and_backend_manifests_consistent" time="0.000" /><testcase classname="tests.test_iter6_requirements.TestRequirementManifests" name="test_no_duplicate_or_malformed_lines" time="0.000" /><testcase classname="tests.test_iter6_requirements.TestPipResolution" name="test_dry_run_resolves_click" time="0.590" /><testcase classname="tests.test_iter6_requirements.TestPipResolution" name="test_click_and_uvicorn_importable_in_env" time="0.013" /><testcase classname="tests.test_new_features" name="test_health" time="0.150" /><testcase classname="tests.test_new_features.TestOCR" name="test_ocr_engine_direct" time="0.789" /><testcase classname="tests.test_new_features.TestOCR" name="test_scan_with_image_returns_real_analysis" time="11.015" /><testcase classname="tests.test_new_features.TestBarcode" name="test_barcode_requires_auth" time="0.043" /><testcase classname="tests.test_new_features.TestBarcode" name="test_barcode_food_lookup" time="0.566" /><testcase classname="tests.test_new_features.TestBarcode" name="test_barcode_unknown_404" time="0.111" /><testcase classname="tests.test_new_features.TestBarcode" name="test_barcode_medicine_lookup_openfda" time="1.618" /><testcase classname="tests.test_new_features.TestBarcode" name="test_scan_with_unknown_barcode_and_no_text_400" time="0.111" /><testcase classname="tests.test_new_features.TestBarcode" name="test_scan_via_barcode_only" time="18.409" /><testcase classname="tests.test_new_features.TestAvatar" name="test_avatar_persists" time="0.184" /><testcase classname="tests.test_new_features.TestAvatar" name="test_avatar_invalid_data_url_400" time="0.047" /><testcase classname="tests.test_new_features.TestAvatar" name="test_avatar_too_large_413" time="0.061" /><testcase classname="tests.test_new_features.TestAvatar" name="test_avatar_not_lost_on_unrelated_update" time="0.132" /></testsuite></testsuites>