<?xml version="1.0" encoding="utf-8"?><testsuites name="pytest tests"><testsuite name="pytest" errors="0" failures="0" skipped="0" tests="22" time="38.936" timestamp="2026-08-24T11:07:03.706506+00:00" hostname="agent-env-cb5958a8-61bb-453d-9313-bce9a37c4b1e"><testcase classname="tests.backend_test.TestHealth" name="test_health" time="0.232" /><testcase classname="tests.backend_test.TestAuth" name="test_register_returns_token_and_user" time="0.307" /><testcase classname="tests.backend_test.TestAuth" name="test_register_duplicate_email_conflicts" time="0.300" /><testcase classname="tests.backend_test.TestAuth" name="test_login_valid_credentials" time="0.264" /><testcase classname="tests.backend_test.TestAuth" name="test_login_invalid_password_401" time="0.524" /><testcase classname="tests.backend_test.TestAuth" name="test_login_unknown_email_401" time="0.029" /><testcase classname="tests.backend_test.TestAuth" name="test_brute_force_lockout_429" time="1.646" /><testcase classname="tests.backend_test.TestAuth" name="test_me_without_token_401" time="0.032" /><testcase classname="tests.backend_test.TestAuth" name="test_me_with_tampered_token_401" time="0.288" /><testcase classname="tests.backend_test.TestAuth" name="test_password_hash_is_bcrypt" time="0.142" /><testcase classname="tests.backend_test.TestProfile" name="test_profile_requires_auth" time="0.062" /><testcase classname="tests.backend_test.TestProfile" name="test_default_profile_is_empty" time="0.285" /><testcase classname="tests.backend_test.TestProfile" name="test_profile_update_persists" time="0.065" /><testcase classname="tests.backend_test.TestScan" name="test_scan_requires_auth" time="0.030" /><testcase classname="tests.backend_test.TestScan" name="test_scan_without_file_or_text_400" time="0.036" /><testcase classname="tests.backend_test.TestScan" name="test_food_scan_shape_and_personalisation" time="12.409" /><testcase classname="tests.backend_test.TestScan" name="test_medicine_scan_returns_notice" time="7.754" /><testcase classname="tests.backend_test.TestScan" name="test_invalid_mode_defaults_to_food" time="13.908" /><testcase classname="tests.backend_test.TestHistory" name="test_history_requires_auth" time="0.080" /><testcase classname="tests.backend_test.TestHistory" name="test_history_contains_scans_newest_first" time="0.032" /><testcase classname="tests.backend_test.TestHistory" name="test_user_isolation" time="0.349" /><testcase classname="tests.backend_test.TestHistory" name="test_clear_history" time="0.090" /></testsuite></testsuites>