<?xml version="1.0" encoding="utf-8"?><testsuites name="pytest tests"><testsuite name="pytest" errors="0" failures="0" skipped="0" tests="26" time="19.888" timestamp="2026-08-24T17:54:05.011924+00:00" hostname="agent-env-cb5958a8-61bb-453d-9313-bce9a37c4b1e"><testcase classname="tests.test_iter11_ocr_gemini.TestAuth" name="test_health" time="0.359" /><testcase classname="tests.test_iter11_ocr_gemini.TestAuth" name="test_login_seeded" time="0.364" /><testcase classname="tests.test_iter11_ocr_gemini.TestAuth" name="test_me" time="0.033" /><testcase classname="tests.test_iter11_ocr_gemini.TestAuth" name="test_wrong_password_401" time="0.262" /><testcase classname="tests.test_iter11_ocr_gemini.TestAuth" name="test_register_new_user" time="0.261" /><testcase classname="tests.test_iter11_ocr_gemini.TestAuth" name="test_no_auth_401" time="0.033" /><testcase classname="tests.test_iter11_ocr_gemini.TestProfile" name="test_profile_put_get_persists" time="0.066" /><testcase classname="tests.test_iter11_ocr_gemini.TestProfile" name="test_seeded_profile_has_peanut_allergy" time="0.036" /><testcase classname="tests.test_iter11_ocr_gemini.TestBarcode" name="test_nutella_lookup" time="0.235" /><testcase classname="tests.test_iter11_ocr_gemini.TestBarcode" name="test_unknown_barcode_404" time="0.104" /><testcase classname="tests.test_iter11_ocr_gemini.TestBarcode" name="test_barcode_requires_auth" time="0.030" /><testcase classname="tests.test_iter11_ocr_gemini.TestScan" name="test_scan_requires_auth" time="0.034" /><testcase classname="tests.test_iter11_ocr_gemini.TestScan" name="test_scan_no_input_rejected" time="0.030" /><testcase classname="tests.test_iter11_ocr_gemini.TestScan" name="test_scan_text_only_returns_real_ai" time="10.614" /><testcase classname="tests.test_iter11_ocr_gemini.TestScan" name="test_scan_flags_peanut_for_allergic_profile" time="0.000" /><testcase classname="tests.test_iter11_ocr_gemini.TestScan" name="test_scan_persisted_in_history" time="1.039" /><testcase classname="tests.test_iter11_ocr_gemini.TestHistoryThrowaway" name="test_history_then_clear" time="6.297" /><testcase classname="tests.test_iter11_ocr_gemini.TestVercelConfig" name="test_vercel_json" time="0.000" /><testcase classname="tests.test_iter11_ocr_gemini.TestVercelConfig" name="test_api_entry" time="0.000" /><testcase classname="tests.test_iter11_ocr_gemini.TestVercelConfig" name="test_requirements_slim" time="0.000" /><testcase classname="tests.test_iter11_ocr_gemini.TestVercelConfig" name="test_ocr_guard" time="0.000" /><testcase classname="tests.test_iter11_ocr_gemini.TestVercelConfig" name="test_package_json" time="0.000" /><testcase classname="tests.test_iter11_ocr_gemini.TestVercelConfig" name="test_package_lock_absent_and_staged_deleted" time="0.003" /><testcase classname="tests.test_iter11_ocr_gemini.TestVercelConfig" name="test_client_ocr_module" time="0.000" /><testcase classname="tests.test_iter11_ocr_gemini.TestVercelConfig" name="test_gemini_priority" time="0.000" /><testcase classname="tests.test_iter11_ocr_gemini.TestVercelConfig" name="test_onauthed_fetches_profile_and_history" time="0.001" /></testsuite></testsuites>