<?xml version="1.0" encoding="utf-8"?><testsuites name="pytest tests"><testsuite name="pytest" errors="0" failures="0" skipped="0" tests="22" time="44.773" timestamp="2026-08-24T10:51:21.218994+00:00" hostname="agent-env-cb5958a8-61bb-453d-9313-bce9a37c4b1e"><testcase classname="backend.tests.backend_test.TestHealth" name="test_health" time="0.139" /><testcase classname="backend.tests.backend_test.TestAuth" name="test_register_returns_token_and_user" time="0.287" /><testcase classname="backend.tests.backend_test.TestAuth" name="test_register_duplicate_email_conflicts" time="0.289" /><testcase classname="backend.tests.backend_test.TestAuth" name="test_login_valid_credentials" time="0.254" /><testcase classname="backend.tests.backend_test.TestAuth" name="test_login_invalid_password_401" time="0.506" /><testcase classname="backend.tests.backend_test.TestAuth" name="test_login_unknown_email_401" time="0.037" /><testcase classname="backend.tests.backend_test.TestAuth" name="test_brute_force_lockout_429" time="1.582" /><testcase classname="backend.tests.backend_test.TestAuth" name="test_me_without_token_401" time="0.028" /><testcase classname="backend.tests.backend_test.TestAuth" name="test_me_with_tampered_token_401" time="0.281" /><testcase classname="backend.tests.backend_test.TestAuth" name="test_password_hash_is_bcrypt" time="0.126" /><testcase classname="backend.tests.backend_test.TestProfile" name="test_profile_requires_auth" time="0.060" /><testcase classname="backend.tests.backend_test.TestProfile" name="test_default_profile_is_empty" time="0.288" /><testcase classname="backend.tests.backend_test.TestProfile" name="test_profile_update_persists" time="0.066" /><testcase classname="backend.tests.backend_test.TestScan" name="test_scan_requires_auth" time="0.057" /><testcase classname="backend.tests.backend_test.TestScan" name="test_scan_without_file_or_text_400" time="0.032" /><testcase classname="backend.tests.backend_test.TestScan" name="test_food_scan_shape_and_personalisation" time="16.415" /><testcase classname="backend.tests.backend_test.TestScan" name="test_medicine_scan_returns_notice" time="11.051" /><testcase classname="backend.tests.backend_test.TestScan" name="test_invalid_mode_defaults_to_food" time="12.475" /><testcase classname="backend.tests.backend_test.TestHistory" name="test_history_requires_auth" time="0.190" /><testcase classname="backend.tests.backend_test.TestHistory" name="test_history_contains_scans_newest_first" time="0.045" /><testcase classname="backend.tests.backend_test.TestHistory" name="test_user_isolation" time="0.357" /><testcase classname="backend.tests.backend_test.TestHistory" name="test_clear_history" time="0.100" /></testsuite></testsuites>