<?xml version="1.0" encoding="utf-8"?><testsuites name="pytest tests"><testsuite name="pytest" errors="0" failures="0" skipped="0" tests="35" time="73.293" timestamp="2026-08-24T11:17:19.956286+00:00" hostname="agent-env-cb5958a8-61bb-453d-9313-bce9a37c4b1e"><testcase classname="tests.backend_test.TestHealth" name="test_health" time="0.144" /><testcase classname="tests.backend_test.TestAuth" name="test_register_returns_token_and_user" time="0.293" /><testcase classname="tests.backend_test.TestAuth" name="test_register_duplicate_email_conflicts" time="0.289" /><testcase classname="tests.backend_test.TestAuth" name="test_login_valid_credentials" time="0.264" /><testcase classname="tests.backend_test.TestAuth" name="test_login_invalid_password_401" time="0.514" /><testcase classname="tests.backend_test.TestAuth" name="test_login_unknown_email_401" time="0.033" /><testcase classname="tests.backend_test.TestAuth" name="test_brute_force_lockout_429" time="1.599" /><testcase classname="tests.backend_test.TestAuth" name="test_me_without_token_401" time="0.031" /><testcase classname="tests.backend_test.TestAuth" name="test_me_with_tampered_token_401" time="0.290" /><testcase classname="tests.backend_test.TestAuth" name="test_password_hash_is_bcrypt" time="0.155" /><testcase classname="tests.backend_test.TestProfile" name="test_profile_requires_auth" time="0.068" /><testcase classname="tests.backend_test.TestProfile" name="test_default_profile_is_empty" time="0.284" /><testcase classname="tests.backend_test.TestProfile" name="test_profile_update_persists" time="0.068" /><testcase classname="tests.backend_test.TestScan" name="test_scan_requires_auth" time="0.050" /><testcase classname="tests.backend_test.TestScan" name="test_scan_without_file_or_text_400" time="0.037" /><testcase classname="tests.backend_test.TestScan" name="test_food_scan_shape_and_personalisation" time="12.126" /><testcase classname="tests.backend_test.TestScan" name="test_medicine_scan_returns_notice" time="7.734" /><testcase classname="tests.backend_test.TestScan" name="test_invalid_mode_defaults_to_food" time="12.955" /><testcase classname="tests.backend_test.TestHistory" name="test_history_requires_auth" time="0.181" /><testcase classname="tests.backend_test.TestHistory" name="test_history_contains_scans_newest_first" time="0.031" /><testcase classname="tests.backend_test.TestHistory" name="test_user_isolation" time="0.457" /><testcase classname="tests.backend_test.TestHistory" name="test_clear_history" time="0.102" /><testcase classname="tests.test_new_features" name="test_health" time="0.134" /><testcase classname="tests.test_new_features.TestOCR" name="test_ocr_engine_direct" time="0.726" /><testcase classname="tests.test_new_features.TestOCR" name="test_scan_with_image_returns_real_analysis" time="10.728" /><testcase classname="tests.test_new_features.TestBarcode" name="test_barcode_requires_auth" time="0.033" /><testcase classname="tests.test_new_features.TestBarcode" name="test_barcode_food_lookup" time="0.425" /><testcase classname="tests.test_new_features.TestBarcode" name="test_barcode_unknown_404" time="0.099" /><testcase classname="tests.test_new_features.TestBarcode" name="test_barcode_medicine_lookup_openfda" time="1.559" /><testcase classname="tests.test_new_features.TestBarcode" name="test_scan_with_unknown_barcode_and_no_text_400" time="0.110" /><testcase classname="tests.test_new_features.TestBarcode" name="test_scan_via_barcode_only" time="21.434" /><testcase classname="tests.test_new_features.TestAvatar" name="test_avatar_persists" time="0.067" /><testcase classname="tests.test_new_features.TestAvatar" name="test_avatar_invalid_data_url_400" time="0.028" /><testcase classname="tests.test_new_features.TestAvatar" name="test_avatar_too_large_413" time="0.049" /><testcase classname="tests.test_new_features.TestAvatar" name="test_avatar_not_lost_on_unrelated_update" time="0.108" /></testsuite></testsuites>