<?xml version="1.0" encoding="utf-8"?><testsuites name="pytest tests"><testsuite name="pytest" errors="0" failures="0" skipped="0" tests="17" time="23.055" timestamp="2026-08-24T11:16:49.416853+00:00" hostname="agent-env-cb5958a8-61bb-453d-9313-bce9a37c4b1e"><testcase classname="tests.test_iter5_gitignore_envfiles" name="test_required_env_files_not_ignored[frontend/.env]" time="0.003" /><testcase classname="tests.test_iter5_gitignore_envfiles" name="test_required_env_files_not_ignored[backend/.env]" time="0.003" /><testcase classname="tests.test_iter5_gitignore_envfiles" name="test_generic_env_pattern_still_active" time="0.004" /><testcase classname="tests.test_iter5_gitignore_envfiles" name="test_git_status_reports_env_files_as_untracked_not_ignored" time="0.003" /><testcase classname="tests.test_iter5_gitignore_envfiles" name="test_frontend_env_keys" time="0.000" /><testcase classname="tests.test_iter5_gitignore_envfiles" name="test_backend_env_keys[MONGO_URL]" time="0.001" /><testcase classname="tests.test_iter5_gitignore_envfiles" name="test_backend_env_keys[DB_NAME]" time="0.000" /><testcase classname="tests.test_iter5_gitignore_envfiles" name="test_backend_env_keys[SECRET_KEY]" time="0.000" /><testcase classname="tests.test_iter5_gitignore_envfiles" name="test_backend_env_keys[EMERGENT_LLM_KEY]" time="0.000" /><testcase classname="tests.test_iter5_gitignore_envfiles" name="test_backend_env_keys[CORS_ORIGINS]" time="0.000" /><testcase classname="tests.test_iter4_deploy_regression" name="test_frontend_env_file_exists_with_backend_url" time="0.000" /><testcase classname="tests.test_iter4_deploy_regression" name="test_health" time="0.328" /><testcase classname="tests.test_iter4_deploy_regression" name="test_register_then_login_fresh_user" time="0.671" /><testcase classname="tests.test_iter4_deploy_regression" name="test_seeded_profile_has_avatar" time="0.290" /><testcase classname="tests.test_iter4_deploy_regression" name="test_partial_put_keeps_avatar" time="0.149" /><testcase classname="tests.test_iter4_deploy_regression" name="test_barcode_food_nutella" time="0.268" /><testcase classname="tests.test_iter4_deploy_regression" name="test_scan_by_barcode_returns_real_analysis" time="21.274" /></testsuite></testsuites>