<?xml version="1.0" encoding="utf-8"?><testsuites name="pytest tests"><testsuite name="pytest" errors="0" failures="0" skipped="0" tests="13" time="33.893" timestamp="2026-08-24T11:09:03.288985+00:00" hostname="agent-env-cb5958a8-61bb-453d-9313-bce9a37c4b1e"><testcase classname="tests.test_new_features" name="test_health" time="0.168" /><testcase classname="tests.test_new_features.TestOCR" name="test_ocr_engine_direct" time="1.902" /><testcase classname="tests.test_new_features.TestOCR" name="test_scan_with_image_returns_real_analysis" time="11.316" /><testcase classname="tests.test_new_features.TestBarcode" name="test_barcode_requires_auth" time="0.049" /><testcase classname="tests.test_new_features.TestBarcode" name="test_barcode_food_lookup" time="0.481" /><testcase classname="tests.test_new_features.TestBarcode" name="test_barcode_unknown_404" time="0.229" /><testcase classname="tests.test_new_features.TestBarcode" name="test_barcode_medicine_lookup_openfda" time="1.495" /><testcase classname="tests.test_new_features.TestBarcode" name="test_scan_with_unknown_barcode_and_no_text_400" time="0.128" /><testcase classname="tests.test_new_features.TestBarcode" name="test_scan_via_barcode_only" time="17.504" /><testcase classname="tests.test_new_features.TestAvatar" name="test_avatar_persists" time="0.120" /><testcase classname="tests.test_new_features.TestAvatar" name="test_avatar_invalid_data_url_400" time="0.062" /><testcase classname="tests.test_new_features.TestAvatar" name="test_avatar_too_large_413" time="0.082" /><testcase classname="tests.test_new_features.TestAvatar" name="test_avatar_not_lost_on_unrelated_update" time="0.264" /></testsuite></testsuites>