<?xml version="1.0" encoding="utf-8"?><testsuites name="pytest tests"><testsuite name="pytest" errors="0" failures="0" skipped="0" tests="51" time="9.535" timestamp="2026-08-24T14:50:56.578736+00:00" hostname="agent-env-cb5958a8-61bb-453d-9313-bce9a37c4b1e"><testcase classname="tests.test_iter7_pins_and_shim.TestManifestPins" name="test_package_declared[fastapi-/app/backend/requirements.txt]" time="0.001" /><testcase classname="tests.test_iter7_pins_and_shim.TestManifestPins" name="test_package_declared[fastapi-/app/requirements.txt]" time="0.001" /><testcase classname="tests.test_iter7_pins_and_shim.TestManifestPins" name="test_package_declared[uvicorn-/app/backend/requirements.txt]" time="0.000" /><testcase classname="tests.test_iter7_pins_and_shim.TestManifestPins" name="test_package_declared[uvicorn-/app/requirements.txt]" time="0.000" /><testcase classname="tests.test_iter7_pins_and_shim.TestManifestPins" name="test_package_declared[click-/app/backend/requirements.txt]" time="0.000" /><testcase classname="tests.test_iter7_pins_and_shim.TestManifestPins" name="test_package_declared[click-/app/requirements.txt]" time="0.000" /><testcase classname="tests.test_iter7_pins_and_shim.TestManifestPins" name="test_package_declared[starlette-/app/backend/requirements.txt]" time="0.000" /><testcase classname="tests.test_iter7_pins_and_shim.TestManifestPins" name="test_package_declared[starlette-/app/requirements.txt]" time="0.000" /><testcase classname="tests.test_iter7_pins_and_shim.TestManifestPins" name="test_package_declared[pydantic-/app/backend/requirements.txt]" time="0.000" /><testcase classname="tests.test_iter7_pins_and_shim.TestManifestPins" name="test_package_declared[pydantic-/app/requirements.txt]" time="0.000" /><testcase classname="tests.test_iter7_pins_and_shim.TestManifestPins" name="test_package_declared[annotated-doc-/app/backend/requirements.txt]" time="0.000" /><testcase classname="tests.test_iter7_pins_and_shim.TestManifestPins" name="test_package_declared[annotated-doc-/app/requirements.txt]" time="0.000" /><testcase classname="tests.test_iter7_pins_and_shim.TestManifestPins" name="test_package_declared[motor-/app/backend/requirements.txt]" time="0.000" /><testcase classname="tests.test_iter7_pins_and_shim.TestManifestPins" name="test_package_declared[motor-/app/requirements.txt]" time="0.000" /><testcase classname="tests.test_iter7_pins_and_shim.TestManifestPins" name="test_package_declared[pymongo-/app/backend/requirements.txt]" time="0.000" /><testcase classname="tests.test_iter7_pins_and_shim.TestManifestPins" name="test_package_declared[pymongo-/app/requirements.txt]" time="0.000" /><testcase classname="tests.test_iter7_pins_and_shim.TestManifestPins" name="test_package_declared[python-multipart-/app/backend/requirements.txt]" time="0.000" /><testcase classname="tests.test_iter7_pins_and_shim.TestManifestPins" name="test_package_declared[python-multipart-/app/requirements.txt]" time="0.001" /><testcase classname="tests.test_iter7_pins_and_shim.TestManifestPins" name="test_package_declared[pillow-/app/backend/requirements.txt]" time="0.000" /><testcase classname="tests.test_iter7_pins_and_shim.TestManifestPins" name="test_package_declared[pillow-/app/requirements.txt]" time="0.000" /><testcase classname="tests.test_iter7_pins_and_shim.TestManifestPins" name="test_package_declared[pytesseract-/app/backend/requirements.txt]" time="0.000" /><testcase classname="tests.test_iter7_pins_and_shim.TestManifestPins" name="test_package_declared[pytesseract-/app/requirements.txt]" time="0.000" /><testcase classname="tests.test_iter7_pins_and_shim.TestManifestPins" name="test_package_declared[python-dotenv-/app/backend/requirements.txt]" time="0.000" /><testcase classname="tests.test_iter7_pins_and_shim.TestManifestPins" name="test_package_declared[python-dotenv-/app/requirements.txt]" time="0.000" /><testcase classname="tests.test_iter7_pins_and_shim.TestManifestPins" name="test_package_declared[httpx-/app/backend/requirements.txt]" time="0.000" /><testcase classname="tests.test_iter7_pins_and_shim.TestManifestPins" name="test_package_declared[httpx-/app/requirements.txt]" time="0.000" /><testcase classname="tests.test_iter7_pins_and_shim.TestManifestPins" name="test_package_declared[bcrypt-/app/backend/requirements.txt]" time="0.000" /><testcase classname="tests.test_iter7_pins_and_shim.TestManifestPins" name="test_package_declared[bcrypt-/app/requirements.txt]" time="0.000" /><testcase classname="tests.test_iter7_pins_and_shim.TestManifestPins" name="test_package_declared[emergentintegrations-/app/backend/requirements.txt]" time="0.000" /><testcase classname="tests.test_iter7_pins_and_shim.TestManifestPins" name="test_package_declared[emergentintegrations-/app/requirements.txt]" time="0.000" /><testcase classname="tests.test_iter7_pins_and_shim.TestManifestPins" name="test_fastapi_upper_bound_excludes_annotated_doc_era[/app/backend/requirements.txt]" time="0.000" /><testcase classname="tests.test_iter7_pins_and_shim.TestManifestPins" name="test_fastapi_upper_bound_excludes_annotated_doc_era[/app/requirements.txt]" time="0.000" /><testcase classname="tests.test_iter7_pins_and_shim.TestManifestPins" name="test_uvicorn_bounded_with_standard_extra[/app/backend/requirements.txt]" time="0.000" /><testcase classname="tests.test_iter7_pins_and_shim.TestManifestPins" name="test_uvicorn_bounded_with_standard_extra[/app/requirements.txt]" time="0.000" /><testcase classname="tests.test_iter7_pins_and_shim.TestManifestPins" name="test_starlette_bounded[/app/backend/requirements.txt]" time="0.000" /><testcase classname="tests.test_iter7_pins_and_shim.TestManifestPins" name="test_starlette_bounded[/app/requirements.txt]" time="0.000" /><testcase classname="tests.test_iter7_pins_and_shim.TestManifestPins" name="test_pydantic_bounded_below_v3[/app/backend/requirements.txt]" time="0.000" /><testcase classname="tests.test_iter7_pins_and_shim.TestManifestPins" name="test_pydantic_bounded_below_v3[/app/requirements.txt]" time="0.000" /><testcase classname="tests.test_iter7_pins_and_shim.TestManifestPins" name="test_annotated_doc_and_click_minimums[/app/backend/requirements.txt]" time="0.000" /><testcase classname="tests.test_iter7_pins_and_shim.TestManifestPins" name="test_annotated_doc_and_click_minimums[/app/requirements.txt]" time="0.000" /><testcase classname="tests.test_iter7_pins_and_shim.TestManifestPins" name="test_manifests_identical" time="0.000" /><testcase classname="tests.test_iter7_pins_and_shim.TestPipDryRun" name="test_dry_run_exit_zero" time="0.549" /><testcase classname="tests.test_iter7_pins_and_shim.TestPipDryRun" name="test_fastapi_resolved_below_0116" time="0.241" /><testcase classname="tests.test_iter7_pins_and_shim.TestPipDryRun" name="test_annotated_doc_in_plan_or_installed" time="0.221" /><testcase classname="tests.test_iter7_pins_and_shim.TestPipDryRun" name="test_no_resolver_conflict" time="0.000" /><testcase classname="tests.test_iter7_pins_and_shim.TestEntryPoints" name="test_shim_file_thin_and_reexports" time="0.000" /><testcase classname="tests.test_iter7_pins_and_shim.TestEntryPoints" name="test_server_app_importable_from_backend_cwd" time="2.147" /><testcase classname="tests.test_iter7_pins_and_shim.TestEntryPoints" name="test_app_main_importable_from_root_cwd" time="2.102" /><testcase classname="tests.test_iter7_pins_and_shim.TestEntryPoints" name="test_both_entry_points_same_app_object" time="2.096" /><testcase classname="tests.test_iter7_pins_and_shim.TestEntryPoints" name="test_shim_exposes_api_routes" time="2.092" /><testcase classname="tests.test_iter7_pins_and_shim" name="test_installed_fastapi_matches_pin" time="0.001" /></testsuite></testsuites>