<?xml version="1.0" encoding="utf-8"?><testsuites name="pytest tests"><testsuite name="pytest" errors="0" failures="1" skipped="0" tests="13" time="39.467" timestamp="2026-08-24T10:53:05.177716+00:00" hostname="agent-env-cb5958a8-61bb-453d-9313-bce9a37c4b1e"><testcase classname="backend.tests.test_new_features" name="test_health" time="0.153" /><testcase classname="backend.tests.test_new_features.TestOCR" name="test_ocr_engine_direct" time="1.395" /><testcase classname="backend.tests.test_new_features.TestOCR" name="test_scan_with_image_returns_real_analysis" time="12.088" /><testcase classname="backend.tests.test_new_features.TestBarcode" name="test_barcode_requires_auth" time="0.036" /><testcase classname="backend.tests.test_new_features.TestBarcode" name="test_barcode_food_lookup" time="0.473" /><testcase classname="backend.tests.test_new_features.TestBarcode" name="test_barcode_unknown_404" time="1.161" /><testcase classname="backend.tests.test_new_features.TestBarcode" name="test_barcode_medicine_lookup_openfda" time="1.457" /><testcase classname="backend.tests.test_new_features.TestBarcode" name="test_scan_with_unknown_barcode_and_no_text_400" time="0.959" /><testcase classname="backend.tests.test_new_features.TestBarcode" name="test_scan_via_barcode_only" time="20.878" /><testcase classname="backend.tests.test_new_features.TestAvatar" name="test_avatar_persists" time="0.079" /><testcase classname="backend.tests.test_new_features.TestAvatar" name="test_avatar_invalid_data_url_400" time="0.032" /><testcase classname="backend.tests.test_new_features.TestAvatar" name="test_avatar_too_large_413" time="0.314" /><testcase classname="backend.tests.test_new_features.TestAvatar" name="test_avatar_not_lost_on_unrelated_update" time="0.351"><failure message="AssertionError: avatar wiped by a partial profile PUT&#10;assert '' == 'data:image/j...iiigAooooA//Z'&#10;  &#10;  - data:image/jpeg;base64,/9j/4AAQSkZJRgABAQAAAQABAAD/2wBDAAgGBgcGBQgHBwcJCQgKDBQNDAsLDBkSEw8UHRofHh0aHBwgJC4nICIsIxwcKDcpLDAxNDQ0Hyc5PTgyPC4zNDL/2wBDAQkJCQwLDBgNDRgyIRwhMjIyMjIyMjIyMjIyMjIyMjIyMjIyMjIyMjIyMjIyMjIyMjIyMjIyMjIyMjIyMjIyMjL/wAARCAAYABgDASIAAhEBAxEB/8QAHwAAAQUBAQEBAQEAAAAAAAAAAAECAwQFBgcICQoL/8QAtRAAAgEDAwIEAwUFBAQAAAF9AQIDAAQRBRIhMUEGE1FhByJxFDKBkaEII0KxwRVS0fAkM2JyggkKFhcYGRolJicoKSo0NTY3ODk6Q0RFRkdISUpTVFVWV1hZWmNkZWZnaGlqc3R1dnd4eXqDhIWGh4iJipKTlJWWl5iZmqKjpKWmp6ipqrKztLW2t7i5usLDxMXGx8jJytLT1NXW19jZ2uHi4+Tl5ufo6erx8vP09fb3+Pn6/8QAHwEAAwEBAQEBAQEBAQAAAAAAAAECAwQFBgcICQoL/8QAtREAAgE...&#10;  &#10;  ...Full output truncated (1 line hidden), use '-vv' to show">E   AssertionError: avatar wiped by a partial profile PUT
    assert '' == 'data:image/j...iiigAooooA//Z'
      
      - data:image/jpeg;base64,/9j/4AAQSkZJRgABAQAAAQABAAD/2wBDAAgGBgcGBQgHBwcJCQgKDBQNDAsLDBkSEw8UHRofHh0aHBwgJC4nICIsIxwcKDcpLDAxNDQ0Hyc5PTgyPC4zNDL/2wBDAQkJCQwLDBgNDRgyIRwhMjIyMjIyMjIyMjIyMjIyMjIyMjIyMjIyMjIyMjIyMjIyMjIyMjIyMjIyMjIyMjIyMjL/wAARCAAYABgDASIAAhEBAxEB/8QAHwAAAQUBAQEBAQEAAAAAAAAAAAECAwQFBgcICQoL/8QAtRAAAgEDAwIEAwUFBAQAAAF9AQIDAAQRBRIhMUEGE1FhByJxFDKBkaEII0KxwRVS0fAkM2JyggkKFhcYGRolJicoKSo0NTY3ODk6Q0RFRkdISUpTVFVWV1hZWmNkZWZnaGlqc3R1dnd4eXqDhIWGh4iJipKTlJWWl5iZmqKjpKWmp6ipqrKztLW2t7i5usLDxMXGx8jJytLT1NXW19jZ2uHi4+Tl5ufo6erx8vP09fb3+Pn6/8QAHwEAAwEBAQEBAQEBAQAAAAAAAAECAwQFBgcICQoL/8QAtREAAgE...
      
      ...Full output truncated (1 line hidden), use '-vv' to show</failure></testcase></testsuite></testsuites>