<?xml version="1.0" encoding="utf-8"?><testsuites name="pytest tests"><testsuite name="pytest" errors="0" failures="0" skipped="0" tests="147" time="147.254" timestamp="2026-08-24T16:32:49.492074+00:00" hostname="agent-env-cb5958a8-61bb-453d-9313-bce9a37c4b1e"><testcase classname="tests.backend_test.TestHealth" name="test_health" time="0.258" /><testcase classname="tests.backend_test.TestAuth" name="test_register_returns_token_and_user" time="0.415" /><testcase classname="tests.backend_test.TestAuth" name="test_register_duplicate_email_conflicts" time="0.317" /><testcase classname="tests.backend_test.TestAuth" name="test_login_valid_credentials" time="0.287" /><testcase classname="tests.backend_test.TestAuth" name="test_login_invalid_password_401" time="0.511" /><testcase classname="tests.backend_test.TestAuth" name="test_login_unknown_email_401" time="0.030" /><testcase classname="tests.backend_test.TestAuth" name="test_brute_force_lockout_429" time="1.586" /><testcase classname="tests.backend_test.TestAuth" name="test_me_without_token_401" time="0.029" /><testcase classname="tests.backend_test.TestAuth" name="test_me_with_tampered_token_401" time="0.298" /><testcase classname="tests.backend_test.TestAuth" name="test_password_hash_is_bcrypt" time="0.124" /><testcase classname="tests.backend_test.TestProfile" name="test_profile_requires_auth" time="0.167" /><testcase classname="tests.backend_test.TestProfile" name="test_default_profile_is_empty" time="0.396" /><testcase classname="tests.backend_test.TestProfile" name="test_profile_update_persists" time="0.095" /><testcase classname="tests.backend_test.TestProfile" name="test_profile_get_after_put_excludes_internal_ids" time="0.039" /><testcase classname="tests.backend_test.TestScan" name="test_scan_requires_auth" time="0.037" /><testcase classname="tests.backend_test.TestScan" name="test_scan_without_file_or_text_400" time="0.258" /><testcase classname="tests.backend_test.TestScan" name="test_food_scan_has_all_required_keys" time="15.345" /><testcase classname="tests.backend_test.TestScan" name="test_food_scan_type_and_extracted_text" time="0.000" /><testcase classname="tests.backend_test.TestScan" name="test_food_scan_score_and_ingredients_shape" time="0.000" /><testcase classname="tests.backend_test.TestScan" name="test_food_scan_uses_real_llm_not_fallback" time="0.000" /><testcase classname="tests.backend_test.TestScan" name="test_food_scan_personalisation_reflects_profile" time="0.000" /><testcase classname="tests.backend_test.TestScan" name="test_medicine_scan_returns_notice" time="12.870" /><testcase classname="tests.backend_test.TestScan" name="test_invalid_mode_defaults_to_food" time="13.132" /><testcase classname="tests.backend_test.TestHistory" name="test_history_requires_auth" time="0.066" /><testcase classname="tests.backend_test.TestHistory" name="test_history_contains_scans_newest_first" time="0.036" /><testcase classname="tests.backend_test.TestHistory" name="test_user_isolation" time="0.428" /><testcase classname="tests.backend_test.TestHistory" name="test_clear_history" time="0.128" /><testcase classname="tests.test_iter4_deploy_regression" name="test_frontend_env_file_exists_with_backend_url" time="0.000" /><testcase classname="tests.test_iter4_deploy_regression" name="test_health" time="0.124" /><testcase classname="tests.test_iter4_deploy_regression" name="test_register_then_login_fresh_user" time="0.551" /><testcase classname="tests.test_iter4_deploy_regression" name="test_seeded_profile_has_avatar" time="0.286" /><testcase classname="tests.test_iter4_deploy_regression" name="test_partial_put_keeps_avatar" time="0.103" /><testcase classname="tests.test_iter4_deploy_regression" name="test_barcode_food_nutella" time="0.260" /><testcase classname="tests.test_iter4_deploy_regression" name="test_scan_by_barcode_returns_real_analysis" time="25.331" /><testcase classname="tests.test_iter5_gitignore_envfiles" name="test_required_env_files_not_ignored[frontend/.env]" time="0.003" /><testcase classname="tests.test_iter5_gitignore_envfiles" name="test_required_env_files_not_ignored[backend/.env]" time="0.003" /><testcase classname="tests.test_iter5_gitignore_envfiles" name="test_generic_env_pattern_still_active" time="0.004" /><testcase classname="tests.test_iter5_gitignore_envfiles" name="test_git_status_reports_env_files_as_untracked_not_ignored" time="0.004" /><testcase classname="tests.test_iter5_gitignore_envfiles" name="test_frontend_env_keys" time="0.000" /><testcase classname="tests.test_iter5_gitignore_envfiles" name="test_backend_env_keys[MONGO_URL]" time="0.001" /><testcase classname="tests.test_iter5_gitignore_envfiles" name="test_backend_env_keys[DB_NAME]" time="0.000" /><testcase classname="tests.test_iter5_gitignore_envfiles" name="test_backend_env_keys[SECRET_KEY]" time="0.000" /><testcase classname="tests.test_iter5_gitignore_envfiles" name="test_backend_env_keys[EMERGENT_LLM_KEY]" time="0.000" /><testcase classname="tests.test_iter5_gitignore_envfiles" name="test_backend_env_keys[CORS_ORIGINS]" time="0.000" /><testcase classname="tests.test_iter6_requirements.TestRequirementManifests" name="test_backend_requirements_exists" time="0.000" /><testcase classname="tests.test_iter6_requirements.TestRequirementManifests" name="test_backend_requirements_contains_package[fastapi]" time="0.000" /><testcase classname="tests.test_iter6_requirements.TestRequirementManifests" name="test_backend_requirements_contains_package[uvicorn]" time="0.000" /><testcase classname="tests.test_iter6_requirements.TestRequirementManifests" name="test_backend_requirements_contains_package[click]" time="0.000" /><testcase classname="tests.test_iter6_requirements.TestRequirementManifests" name="test_backend_requirements_contains_package[starlette]" time="0.000" /><testcase classname="tests.test_iter6_requirements.TestRequirementManifests" name="test_backend_requirements_contains_package[pydantic]" time="0.000" /><testcase classname="tests.test_iter6_requirements.TestRequirementManifests" name="test_backend_requirements_contains_package[motor]" time="0.000" /><testcase classname="tests.test_iter6_requirements.TestRequirementManifests" name="test_backend_requirements_contains_package[pymongo]" time="0.000" /><testcase classname="tests.test_iter6_requirements.TestRequirementManifests" name="test_backend_requirements_contains_package[python-multipart]" time="0.000" /><testcase classname="tests.test_iter6_requirements.TestRequirementManifests" name="test_backend_requirements_contains_package[pillow]" time="0.000" /><testcase classname="tests.test_iter6_requirements.TestRequirementManifests" name="test_backend_requirements_contains_package[pytesseract]" time="0.000" /><testcase classname="tests.test_iter6_requirements.TestRequirementManifests" name="test_backend_requirements_contains_package[python-dotenv]" time="0.000" /><testcase classname="tests.test_iter6_requirements.TestRequirementManifests" name="test_backend_requirements_contains_package[httpx]" time="0.000" /><testcase classname="tests.test_iter6_requirements.TestRequirementManifests" name="test_backend_requirements_contains_package[bcrypt]" time="0.000" /><testcase classname="tests.test_iter6_requirements.TestRequirementManifests" name="test_backend_requirements_contains_package[emergentintegrations]" time="0.000" /><testcase classname="tests.test_iter6_requirements.TestRequirementManifests" name="test_uvicorn_has_standard_extra" time="0.000" /><testcase classname="tests.test_iter6_requirements.TestRequirementManifests" name="test_root_requirements_has_click_and_starlette" time="0.000" /><testcase classname="tests.test_iter6_requirements.TestRequirementManifests" name="test_root_and_backend_manifests_consistent" time="0.000" /><testcase classname="tests.test_iter6_requirements.TestRequirementManifests" name="test_no_duplicate_or_malformed_lines" time="0.000" /><testcase classname="tests.test_iter6_requirements.TestPipResolution" name="test_dry_run_resolves_click" time="0.612" /><testcase classname="tests.test_iter6_requirements.TestPipResolution" name="test_click_and_uvicorn_importable_in_env" time="0.012" /><testcase classname="tests.test_iter7_pins_and_shim.TestManifestPins" name="test_package_declared[fastapi-/app/backend/requirements.txt]" time="0.001" /><testcase classname="tests.test_iter7_pins_and_shim.TestManifestPins" name="test_package_declared[fastapi-/app/requirements.txt]" time="0.000" /><testcase classname="tests.test_iter7_pins_and_shim.TestManifestPins" name="test_package_declared[uvicorn-/app/backend/requirements.txt]" time="0.001" /><testcase classname="tests.test_iter7_pins_and_shim.TestManifestPins" name="test_package_declared[uvicorn-/app/requirements.txt]" time="0.000" /><testcase classname="tests.test_iter7_pins_and_shim.TestManifestPins" name="test_package_declared[click-/app/backend/requirements.txt]" time="0.001" /><testcase classname="tests.test_iter7_pins_and_shim.TestManifestPins" name="test_package_declared[click-/app/requirements.txt]" time="0.000" /><testcase classname="tests.test_iter7_pins_and_shim.TestManifestPins" name="test_package_declared[starlette-/app/backend/requirements.txt]" time="0.000" /><testcase classname="tests.test_iter7_pins_and_shim.TestManifestPins" name="test_package_declared[starlette-/app/requirements.txt]" time="0.001" /><testcase classname="tests.test_iter7_pins_and_shim.TestManifestPins" name="test_package_declared[pydantic-/app/backend/requirements.txt]" time="0.000" /><testcase classname="tests.test_iter7_pins_and_shim.TestManifestPins" name="test_package_declared[pydantic-/app/requirements.txt]" time="0.000" /><testcase classname="tests.test_iter7_pins_and_shim.TestManifestPins" name="test_package_declared[annotated-doc-/app/backend/requirements.txt]" time="0.000" /><testcase classname="tests.test_iter7_pins_and_shim.TestManifestPins" name="test_package_declared[annotated-doc-/app/requirements.txt]" time="0.000" /><testcase classname="tests.test_iter7_pins_and_shim.TestManifestPins" name="test_package_declared[motor-/app/backend/requirements.txt]" time="0.000" /><testcase classname="tests.test_iter7_pins_and_shim.TestManifestPins" name="test_package_declared[motor-/app/requirements.txt]" time="0.000" /><testcase classname="tests.test_iter7_pins_and_shim.TestManifestPins" name="test_package_declared[pymongo-/app/backend/requirements.txt]" time="0.000" /><testcase classname="tests.test_iter7_pins_and_shim.TestManifestPins" name="test_package_declared[pymongo-/app/requirements.txt]" time="0.000" /><testcase classname="tests.test_iter7_pins_and_shim.TestManifestPins" name="test_package_declared[python-multipart-/app/backend/requirements.txt]" time="0.000" /><testcase classname="tests.test_iter7_pins_and_shim.TestManifestPins" name="test_package_declared[python-multipart-/app/requirements.txt]" time="0.000" /><testcase classname="tests.test_iter7_pins_and_shim.TestManifestPins" name="test_package_declared[pillow-/app/backend/requirements.txt]" time="0.000" /><testcase classname="tests.test_iter7_pins_and_shim.TestManifestPins" name="test_package_declared[pillow-/app/requirements.txt]" time="0.000" /><testcase classname="tests.test_iter7_pins_and_shim.TestManifestPins" name="test_package_declared[pytesseract-/app/backend/requirements.txt]" time="0.000" /><testcase classname="tests.test_iter7_pins_and_shim.TestManifestPins" name="test_package_declared[pytesseract-/app/requirements.txt]" time="0.000" /><testcase classname="tests.test_iter7_pins_and_shim.TestManifestPins" name="test_package_declared[python-dotenv-/app/backend/requirements.txt]" time="0.000" /><testcase classname="tests.test_iter7_pins_and_shim.TestManifestPins" name="test_package_declared[python-dotenv-/app/requirements.txt]" time="0.000" /><testcase classname="tests.test_iter7_pins_and_shim.TestManifestPins" name="test_package_declared[httpx-/app/backend/requirements.txt]" time="0.000" /><testcase classname="tests.test_iter7_pins_and_shim.TestManifestPins" name="test_package_declared[httpx-/app/requirements.txt]" time="0.000" /><testcase classname="tests.test_iter7_pins_and_shim.TestManifestPins" name="test_package_declared[bcrypt-/app/backend/requirements.txt]" time="0.000" /><testcase classname="tests.test_iter7_pins_and_shim.TestManifestPins" name="test_package_declared[bcrypt-/app/requirements.txt]" time="0.000" /><testcase classname="tests.test_iter7_pins_and_shim.TestManifestPins" name="test_package_declared[emergentintegrations-/app/backend/requirements.txt]" time="0.000" /><testcase classname="tests.test_iter7_pins_and_shim.TestManifestPins" name="test_package_declared[emergentintegrations-/app/requirements.txt]" time="0.000" /><testcase classname="tests.test_iter7_pins_and_shim.TestManifestPins" name="test_fastapi_upper_bound_excludes_annotated_doc_era[/app/backend/requirements.txt]" time="0.000" /><testcase classname="tests.test_iter7_pins_and_shim.TestManifestPins" name="test_fastapi_upper_bound_excludes_annotated_doc_era[/app/requirements.txt]" time="0.000" /><testcase classname="tests.test_iter7_pins_and_shim.TestManifestPins" name="test_uvicorn_bounded_with_standard_extra[/app/backend/requirements.txt]" time="0.000" /><testcase classname="tests.test_iter7_pins_and_shim.TestManifestPins" name="test_uvicorn_bounded_with_standard_extra[/app/requirements.txt]" time="0.000" /><testcase classname="tests.test_iter7_pins_and_shim.TestManifestPins" name="test_starlette_bounded[/app/backend/requirements.txt]" time="0.000" /><testcase classname="tests.test_iter7_pins_and_shim.TestManifestPins" name="test_starlette_bounded[/app/requirements.txt]" time="0.000" /><testcase classname="tests.test_iter7_pins_and_shim.TestManifestPins" name="test_pydantic_bounded_below_v3[/app/backend/requirements.txt]" time="0.001" /><testcase classname="tests.test_iter7_pins_and_shim.TestManifestPins" name="test_pydantic_bounded_below_v3[/app/requirements.txt]" time="0.000" /><testcase classname="tests.test_iter7_pins_and_shim.TestManifestPins" name="test_annotated_doc_and_click_minimums[/app/backend/requirements.txt]" time="0.000" /><testcase classname="tests.test_iter7_pins_and_shim.TestManifestPins" name="test_annotated_doc_and_click_minimums[/app/requirements.txt]" time="0.000" /><testcase classname="tests.test_iter7_pins_and_shim.TestManifestPins" name="test_manifests_identical" time="0.000" /><testcase classname="tests.test_iter7_pins_and_shim.TestPipDryRun" name="test_dry_run_exit_zero" time="0.539" /><testcase classname="tests.test_iter7_pins_and_shim.TestPipDryRun" name="test_fastapi_resolved_below_0116" time="0.251" /><testcase classname="tests.test_iter7_pins_and_shim.TestPipDryRun" name="test_annotated_doc_in_plan_or_installed" time="0.251" /><testcase classname="tests.test_iter7_pins_and_shim.TestPipDryRun" name="test_no_resolver_conflict" time="0.000" /><testcase classname="tests.test_iter7_pins_and_shim.TestEntryPoints" name="test_shim_file_thin_and_reexports" time="0.000" /><testcase classname="tests.test_iter7_pins_and_shim.TestEntryPoints" name="test_server_app_importable_from_backend_cwd" time="2.245" /><testcase classname="tests.test_iter7_pins_and_shim.TestEntryPoints" name="test_app_main_importable_from_root_cwd" time="2.199" /><testcase classname="tests.test_iter7_pins_and_shim.TestEntryPoints" name="test_both_entry_points_same_app_object" time="2.182" /><testcase classname="tests.test_iter7_pins_and_shim.TestEntryPoints" name="test_shim_exposes_api_routes" time="2.286" /><testcase classname="tests.test_iter7_pins_and_shim" name="test_installed_fastapi_matches_pin" time="0.001" /><testcase classname="tests.test_iter8_deploy_smoke.TestEnvFilesNotGitIgnored" name="test_env_file_exists[frontend/.env]" time="0.000" /><testcase classname="tests.test_iter8_deploy_smoke.TestEnvFilesNotGitIgnored" name="test_env_file_exists[backend/.env]" time="0.000" /><testcase classname="tests.test_iter8_deploy_smoke.TestEnvFilesNotGitIgnored" name="test_env_file_not_git_ignored[frontend/.env]" time="0.003" /><testcase classname="tests.test_iter8_deploy_smoke.TestEnvFilesNotGitIgnored" name="test_env_file_not_git_ignored[backend/.env]" time="0.003" /><testcase classname="tests.test_iter8_deploy_smoke.TestEnvFilesNotGitIgnored" name="test_gitignore_negations_present[!frontend/.env]" time="0.000" /><testcase classname="tests.test_iter8_deploy_smoke.TestEnvFilesNotGitIgnored" name="test_gitignore_negations_present[!backend/.env]" time="0.000" /><testcase classname="tests.test_iter8_deploy_smoke.TestEnvFilesNotGitIgnored" name="test_protected_keys_present" time="0.001" /><testcase classname="tests.test_iter8_deploy_smoke.TestRequirementsManifest" name="test_fastapi_upper_bound_below_0_116" time="0.001" /><testcase classname="tests.test_iter8_deploy_smoke.TestRequirementsManifest" name="test_annotated_doc_present" time="0.000" /><testcase classname="tests.test_iter8_deploy_smoke.TestRequirementsManifest" name="test_click_present" time="0.000" /><testcase classname="tests.test_iter8_deploy_smoke.TestRequirementsManifest" name="test_root_and_backend_manifests_identical" time="0.000" /><testcase classname="tests.test_iter8_deploy_smoke.TestServerShim" name="test_server_app_is_same_instance_as_app_main" time="2.229" /><testcase classname="tests.test_iter8_deploy_smoke.TestServerShim" name="test_server_app_exposes_api_routes" time="2.191" /><testcase classname="tests.test_iter8_deploy_smoke.TestLiveSmoke" name="test_health" time="0.323" /><testcase classname="tests.test_iter8_deploy_smoke.TestLiveSmoke" name="test_login_returns_token" time="0.317" /><testcase classname="tests.test_iter8_deploy_smoke.TestLiveSmoke" name="test_profile_returns_saved_avatar" time="0.079" /><testcase classname="tests.test_iter8_deploy_smoke.TestLiveSmoke" name="test_barcode_lookup_nutella" time="0.317" /><testcase classname="tests.test_iter8_deploy_smoke.TestLiveSmoke" name="test_scan_barcode_only_returns_claude_analysis" time="25.223" /><testcase classname="tests.test_new_features" name="test_health" time="0.115" /><testcase classname="tests.test_new_features.TestOCR" name="test_ocr_engine_direct" time="0.610" /><testcase classname="tests.test_new_features.TestOCR" name="test_scan_with_image_returns_real_analysis" time="11.805" /><testcase classname="tests.test_new_features.TestBarcode" name="test_barcode_requires_auth" time="0.045" /><testcase classname="tests.test_new_features.TestBarcode" name="test_barcode_food_lookup" time="0.537" /><testcase classname="tests.test_new_features.TestBarcode" name="test_barcode_unknown_404" time="0.128" /><testcase classname="tests.test_new_features.TestBarcode" name="test_barcode_medicine_lookup_openfda" time="1.510" /><testcase classname="tests.test_new_features.TestBarcode" name="test_scan_with_unknown_barcode_and_no_text_400" time="0.108" /><testcase classname="tests.test_new_features.TestBarcode" name="test_scan_via_barcode_only" time="16.935" /><testcase classname="tests.test_new_features.TestAvatar" name="test_avatar_persists" time="0.092" /><testcase classname="tests.test_new_features.TestAvatar" name="test_avatar_invalid_data_url_400" time="0.040" /><testcase classname="tests.test_new_features.TestAvatar" name="test_avatar_too_large_413" time="0.123" /><testcase classname="tests.test_new_features.TestAvatar" name="test_avatar_not_lost_on_unrelated_update" time="0.253" /></testsuite></testsuites>