<?xml version="1.0" encoding="utf-8"?><testsuites name="pytest tests"><testsuite name="pytest" errors="0" failures="0" skipped="0" tests="7" time="34.031" timestamp="2026-08-24T11:10:28.017267+00:00" hostname="agent-env-cb5958a8-61bb-453d-9313-bce9a37c4b1e"><testcase classname="tests.test_iter4_deploy_regression" name="test_frontend_env_file_exists_with_backend_url" time="0.000" /><testcase classname="tests.test_iter4_deploy_regression" name="test_health" time="3.961" /><testcase classname="tests.test_iter4_deploy_regression" name="test_register_then_login_fresh_user" time="0.651" /><testcase classname="tests.test_iter4_deploy_regression" name="test_seeded_profile_has_avatar" time="0.304" /><testcase classname="tests.test_iter4_deploy_regression" name="test_partial_put_keeps_avatar" time="0.092" /><testcase classname="tests.test_iter4_deploy_regression" name="test_barcode_food_nutella" time="0.268" /><testcase classname="tests.test_iter4_deploy_regression" name="test_scan_by_barcode_returns_real_analysis" time="28.696" /></testsuite></testsuites>