<?xml version="1.0" encoding="utf-8"?><testsuites name="pytest tests"><testsuite name="pytest" errors="0" failures="0" skipped="0" tests="21" time="0.647" timestamp="2026-08-24T12:29:17.097148+00:00" hostname="agent-env-cb5958a8-61bb-453d-9313-bce9a37c4b1e"><testcase classname="tests.test_iter6_requirements.TestRequirementManifests" name="test_backend_requirements_exists" time="0.000" /><testcase classname="tests.test_iter6_requirements.TestRequirementManifests" name="test_backend_requirements_contains_package[fastapi]" time="0.000" /><testcase classname="tests.test_iter6_requirements.TestRequirementManifests" name="test_backend_requirements_contains_package[uvicorn]" time="0.000" /><testcase classname="tests.test_iter6_requirements.TestRequirementManifests" name="test_backend_requirements_contains_package[click]" time="0.000" /><testcase classname="tests.test_iter6_requirements.TestRequirementManifests" name="test_backend_requirements_contains_package[starlette]" time="0.000" /><testcase classname="tests.test_iter6_requirements.TestRequirementManifests" name="test_backend_requirements_contains_package[pydantic]" time="0.000" /><testcase classname="tests.test_iter6_requirements.TestRequirementManifests" name="test_backend_requirements_contains_package[motor]" time="0.000" /><testcase classname="tests.test_iter6_requirements.TestRequirementManifests" name="test_backend_requirements_contains_package[pymongo]" time="0.000" /><testcase classname="tests.test_iter6_requirements.TestRequirementManifests" name="test_backend_requirements_contains_package[python-multipart]" time="0.000" /><testcase classname="tests.test_iter6_requirements.TestRequirementManifests" name="test_backend_requirements_contains_package[pillow]" time="0.000" /><testcase classname="tests.test_iter6_requirements.TestRequirementManifests" name="test_backend_requirements_contains_package[pytesseract]" time="0.000" /><testcase classname="tests.test_iter6_requirements.TestRequirementManifests" name="test_backend_requirements_contains_package[python-dotenv]" time="0.000" /><testcase classname="tests.test_iter6_requirements.TestRequirementManifests" name="test_backend_requirements_contains_package[httpx]" time="0.000" /><testcase classname="tests.test_iter6_requirements.TestRequirementManifests" name="test_backend_requirements_contains_package[bcrypt]" time="0.000" /><testcase classname="tests.test_iter6_requirements.TestRequirementManifests" name="test_backend_requirements_contains_package[emergentintegrations]" time="0.000" /><testcase classname="tests.test_iter6_requirements.TestRequirementManifests" name="test_uvicorn_has_standard_extra" time="0.000" /><testcase classname="tests.test_iter6_requirements.TestRequirementManifests" name="test_root_requirements_has_click_and_starlette" time="0.000" /><testcase classname="tests.test_iter6_requirements.TestRequirementManifests" name="test_root_and_backend_manifests_consistent" time="0.000" /><testcase classname="tests.test_iter6_requirements.TestRequirementManifests" name="test_no_duplicate_or_malformed_lines" time="0.000" /><testcase classname="tests.test_iter6_requirements.TestPipResolution" name="test_dry_run_resolves_click" time="0.598" /><testcase classname="tests.test_iter6_requirements.TestPipResolution" name="test_click_and_uvicorn_importable_in_env" time="0.021" /></testsuite></testsuites>