<?xml version="1.0" encoding="utf-8"?><testsuites name="pytest tests"><testsuite name="pytest" errors="0" failures="0" skipped="0" tests="18" time="29.308" timestamp="2026-08-24T15:14:23.965949+00:00" hostname="agent-env-cb5958a8-61bb-453d-9313-bce9a37c4b1e"><testcase classname="backend.tests.test_iter8_deploy_smoke.TestEnvFilesNotGitIgnored" name="test_env_file_exists[frontend/.env]" time="0.001" /><testcase classname="backend.tests.test_iter8_deploy_smoke.TestEnvFilesNotGitIgnored" name="test_env_file_exists[backend/.env]" time="0.000" /><testcase classname="backend.tests.test_iter8_deploy_smoke.TestEnvFilesNotGitIgnored" name="test_env_file_not_git_ignored[frontend/.env]" time="0.003" /><testcase classname="backend.tests.test_iter8_deploy_smoke.TestEnvFilesNotGitIgnored" name="test_env_file_not_git_ignored[backend/.env]" time="0.003" /><testcase classname="backend.tests.test_iter8_deploy_smoke.TestEnvFilesNotGitIgnored" name="test_gitignore_negations_present[!frontend/.env]" time="0.000" /><testcase classname="backend.tests.test_iter8_deploy_smoke.TestEnvFilesNotGitIgnored" name="test_gitignore_negations_present[!backend/.env]" time="0.000" /><testcase classname="backend.tests.test_iter8_deploy_smoke.TestEnvFilesNotGitIgnored" name="test_protected_keys_present" time="0.001" /><testcase classname="backend.tests.test_iter8_deploy_smoke.TestRequirementsManifest" name="test_fastapi_upper_bound_below_0_116" time="0.001" /><testcase classname="backend.tests.test_iter8_deploy_smoke.TestRequirementsManifest" name="test_annotated_doc_present" time="0.000" /><testcase classname="backend.tests.test_iter8_deploy_smoke.TestRequirementsManifest" name="test_click_present" time="0.000" /><testcase classname="backend.tests.test_iter8_deploy_smoke.TestRequirementsManifest" name="test_root_and_backend_manifests_identical" time="0.000" /><testcase classname="backend.tests.test_iter8_deploy_smoke.TestServerShim" name="test_server_app_is_same_instance_as_app_main" time="2.450" /><testcase classname="backend.tests.test_iter8_deploy_smoke.TestServerShim" name="test_server_app_exposes_api_routes" time="2.418" /><testcase classname="backend.tests.test_iter8_deploy_smoke.TestLiveSmoke" name="test_health" time="0.260" /><testcase classname="backend.tests.test_iter8_deploy_smoke.TestLiveSmoke" name="test_login_returns_token" time="0.337" /><testcase classname="backend.tests.test_iter8_deploy_smoke.TestLiveSmoke" name="test_profile_returns_saved_avatar" time="0.145" /><testcase classname="backend.tests.test_iter8_deploy_smoke.TestLiveSmoke" name="test_barcode_lookup_nutella" time="0.290" /><testcase classname="backend.tests.test_iter8_deploy_smoke.TestLiveSmoke" name="test_scan_barcode_only_returns_claude_analysis" time="23.288" /></testsuite></testsuites>