<?xml version="1.0" encoding="utf-8"?><testsuites name="pytest tests"><testsuite name="pytest" errors="0" failures="5" skipped="0" tests="147" time="138.200" timestamp="2026-08-24T16:27:38.251515+00:00" hostname="agent-env-cb5958a8-61bb-453d-9313-bce9a37c4b1e"><testcase classname="tests.backend_test.TestHealth" name="test_health" time="0.281" /><testcase classname="tests.backend_test.TestAuth" name="test_register_returns_token_and_user" time="0.290" /><testcase classname="tests.backend_test.TestAuth" name="test_register_duplicate_email_conflicts" time="0.403" /><testcase classname="tests.backend_test.TestAuth" name="test_login_valid_credentials" time="0.255" /><testcase classname="tests.backend_test.TestAuth" name="test_login_invalid_password_401" time="0.529" /><testcase classname="tests.backend_test.TestAuth" name="test_login_unknown_email_401" time="0.030" /><testcase classname="tests.backend_test.TestAuth" name="test_brute_force_lockout_429" time="1.608" /><testcase classname="tests.backend_test.TestAuth" name="test_me_without_token_401" time="0.031" /><testcase classname="tests.backend_test.TestAuth" name="test_me_with_tampered_token_401" time="0.287" /><testcase classname="tests.backend_test.TestAuth" name="test_password_hash_is_bcrypt" time="0.132" /><testcase classname="tests.backend_test.TestProfile" name="test_profile_requires_auth" time="0.063" /><testcase classname="tests.backend_test.TestProfile" name="test_default_profile_is_empty" time="0.292" /><testcase classname="tests.backend_test.TestProfile" name="test_profile_update_persists" time="0.075" /><testcase classname="tests.backend_test.TestProfile" name="test_profile_get_after_put_excludes_internal_ids" time="0.056" /><testcase classname="tests.backend_test.TestScan" name="test_scan_requires_auth" time="0.038" /><testcase classname="tests.backend_test.TestScan" name="test_scan_without_file_or_text_400" time="0.029" /><testcase classname="tests.backend_test.TestScan" name="test_food_scan_has_all_required_keys" time="14.738" /><testcase classname="tests.backend_test.TestScan" name="test_food_scan_type_and_extracted_text" time="0.000" /><testcase classname="tests.backend_test.TestScan" name="test_food_scan_score_and_ingredients_shape" time="0.000" /><testcase classname="tests.backend_test.TestScan" name="test_food_scan_uses_real_llm_not_fallback" time="0.000" /><testcase classname="tests.backend_test.TestScan" name="test_food_scan_personalisation_reflects_profile" time="0.000" /><testcase classname="tests.backend_test.TestScan" name="test_medicine_scan_returns_notice" time="6.421" /><testcase classname="tests.backend_test.TestScan" name="test_invalid_mode_defaults_to_food" time="12.698" /><testcase classname="tests.backend_test.TestHistory" name="test_history_requires_auth" time="0.084" /><testcase classname="tests.backend_test.TestHistory" name="test_history_contains_scans_newest_first" time="0.032" /><testcase classname="tests.backend_test.TestHistory" name="test_user_isolation" time="0.350" /><testcase classname="tests.backend_test.TestHistory" name="test_clear_history" time="0.103" /><testcase classname="tests.test_iter4_deploy_regression" name="test_frontend_env_file_exists_with_backend_url" time="0.000" /><testcase classname="tests.test_iter4_deploy_regression" name="test_health" time="0.142" /><testcase classname="tests.test_iter4_deploy_regression" name="test_register_then_login_fresh_user" time="0.546" /><testcase classname="tests.test_iter4_deploy_regression" name="test_seeded_profile_has_avatar" time="0.283" /><testcase classname="tests.test_iter4_deploy_regression" name="test_partial_put_keeps_avatar" time="0.090" /><testcase classname="tests.test_iter4_deploy_regression" name="test_barcode_food_nutella" time="0.192" /><testcase classname="tests.test_iter4_deploy_regression" name="test_scan_by_barcode_returns_real_analysis" time="22.439" /><testcase classname="tests.test_iter5_gitignore_envfiles" name="test_required_env_files_not_ignored[frontend/.env]" time="0.006"><failure message="AssertionError: /app/frontend/.env is still excluded by .gitignore&#10;assert not True&#10; +  where True = _ignored('frontend/.env')">tests/test_iter5_gitignore_envfiles.py:29: in test_required_env_files_not_ignored
    assert not _ignored(rel), f"/app/{rel} is still excluded by .gitignore"
E   AssertionError: /app/frontend/.env is still excluded by .gitignore
E   assert not True
E    +  where True = _ignored('frontend/.env')</failure></testcase><testcase classname="tests.test_iter5_gitignore_envfiles" name="test_required_env_files_not_ignored[backend/.env]" time="0.008"><failure message="AssertionError: /app/backend/.env is still excluded by .gitignore&#10;assert not True&#10; +  where True = _ignored('backend/.env')">tests/test_iter5_gitignore_envfiles.py:29: in test_required_env_files_not_ignored
    assert not _ignored(rel), f"/app/{rel} is still excluded by .gitignore"
E   AssertionError: /app/backend/.env is still excluded by .gitignore
E   assert not True
E    +  where True = _ignored('backend/.env')</failure></testcase><testcase classname="tests.test_iter5_gitignore_envfiles" name="test_generic_env_pattern_still_active" time="0.011" /><testcase classname="tests.test_iter5_gitignore_envfiles" name="test_git_status_reports_env_files_as_untracked_not_ignored" time="0.010"><failure message="AssertionError: assert 'frontend/.env' in ''">tests/test_iter5_gitignore_envfiles.py:44: in test_git_status_reports_env_files_as_untracked_not_ignored
    assert "frontend/.env" in out
E   AssertionError: assert 'frontend/.env' in ''</failure></testcase><testcase classname="tests.test_iter5_gitignore_envfiles" name="test_frontend_env_keys" time="0.001" /><testcase classname="tests.test_iter5_gitignore_envfiles" name="test_backend_env_keys[MONGO_URL]" time="0.001" /><testcase classname="tests.test_iter5_gitignore_envfiles" name="test_backend_env_keys[DB_NAME]" time="0.001" /><testcase classname="tests.test_iter5_gitignore_envfiles" name="test_backend_env_keys[SECRET_KEY]" time="0.002" /><testcase classname="tests.test_iter5_gitignore_envfiles" name="test_backend_env_keys[EMERGENT_LLM_KEY]" time="0.001" /><testcase classname="tests.test_iter5_gitignore_envfiles" name="test_backend_env_keys[CORS_ORIGINS]" time="0.001" /><testcase classname="tests.test_iter6_requirements.TestRequirementManifests" name="test_backend_requirements_exists" time="0.000" /><testcase classname="tests.test_iter6_requirements.TestRequirementManifests" name="test_backend_requirements_contains_package[fastapi]" time="0.000" /><testcase classname="tests.test_iter6_requirements.TestRequirementManifests" name="test_backend_requirements_contains_package[uvicorn]" time="0.000" /><testcase classname="tests.test_iter6_requirements.TestRequirementManifests" name="test_backend_requirements_contains_package[click]" time="0.000" /><testcase classname="tests.test_iter6_requirements.TestRequirementManifests" name="test_backend_requirements_contains_package[starlette]" time="0.000" /><testcase classname="tests.test_iter6_requirements.TestRequirementManifests" name="test_backend_requirements_contains_package[pydantic]" time="0.000" /><testcase classname="tests.test_iter6_requirements.TestRequirementManifests" name="test_backend_requirements_contains_package[motor]" time="0.000" /><testcase classname="tests.test_iter6_requirements.TestRequirementManifests" name="test_backend_requirements_contains_package[pymongo]" time="0.000" /><testcase classname="tests.test_iter6_requirements.TestRequirementManifests" name="test_backend_requirements_contains_package[python-multipart]" time="0.000" /><testcase classname="tests.test_iter6_requirements.TestRequirementManifests" name="test_backend_requirements_contains_package[pillow]" time="0.000" /><testcase classname="tests.test_iter6_requirements.TestRequirementManifests" name="test_backend_requirements_contains_package[pytesseract]" time="0.000" /><testcase classname="tests.test_iter6_requirements.TestRequirementManifests" name="test_backend_requirements_contains_package[python-dotenv]" time="0.000" /><testcase classname="tests.test_iter6_requirements.TestRequirementManifests" name="test_backend_requirements_contains_package[httpx]" time="0.000" /><testcase classname="tests.test_iter6_requirements.TestRequirementManifests" name="test_backend_requirements_contains_package[bcrypt]" time="0.000" /><testcase classname="tests.test_iter6_requirements.TestRequirementManifests" name="test_backend_requirements_contains_package[emergentintegrations]" time="0.000" /><testcase classname="tests.test_iter6_requirements.TestRequirementManifests" name="test_uvicorn_has_standard_extra" time="0.000" /><testcase classname="tests.test_iter6_requirements.TestRequirementManifests" name="test_root_requirements_has_click_and_starlette" time="0.000" /><testcase classname="tests.test_iter6_requirements.TestRequirementManifests" name="test_root_and_backend_manifests_consistent" time="0.000" /><testcase classname="tests.test_iter6_requirements.TestRequirementManifests" name="test_no_duplicate_or_malformed_lines" time="0.000" /><testcase classname="tests.test_iter6_requirements.TestPipResolution" name="test_dry_run_resolves_click" time="0.735" /><testcase classname="tests.test_iter6_requirements.TestPipResolution" name="test_click_and_uvicorn_importable_in_env" time="0.014" /><testcase classname="tests.test_iter7_pins_and_shim.TestManifestPins" name="test_package_declared[fastapi-/app/backend/requirements.txt]" time="0.001" /><testcase classname="tests.test_iter7_pins_and_shim.TestManifestPins" name="test_package_declared[fastapi-/app/requirements.txt]" time="0.001" /><testcase classname="tests.test_iter7_pins_and_shim.TestManifestPins" name="test_package_declared[uvicorn-/app/backend/requirements.txt]" time="0.001" /><testcase classname="tests.test_iter7_pins_and_shim.TestManifestPins" name="test_package_declared[uvicorn-/app/requirements.txt]" time="0.000" /><testcase classname="tests.test_iter7_pins_and_shim.TestManifestPins" name="test_package_declared[click-/app/backend/requirements.txt]" time="0.000" /><testcase classname="tests.test_iter7_pins_and_shim.TestManifestPins" name="test_package_declared[click-/app/requirements.txt]" time="0.001" /><testcase classname="tests.test_iter7_pins_and_shim.TestManifestPins" name="test_package_declared[starlette-/app/backend/requirements.txt]" time="0.000" /><testcase classname="tests.test_iter7_pins_and_shim.TestManifestPins" name="test_package_declared[starlette-/app/requirements.txt]" time="0.000" /><testcase classname="tests.test_iter7_pins_and_shim.TestManifestPins" name="test_package_declared[pydantic-/app/backend/requirements.txt]" time="0.001" /><testcase classname="tests.test_iter7_pins_and_shim.TestManifestPins" name="test_package_declared[pydantic-/app/requirements.txt]" time="0.001" /><testcase classname="tests.test_iter7_pins_and_shim.TestManifestPins" name="test_package_declared[annotated-doc-/app/backend/requirements.txt]" time="0.001" /><testcase classname="tests.test_iter7_pins_and_shim.TestManifestPins" name="test_package_declared[annotated-doc-/app/requirements.txt]" time="0.000" /><testcase classname="tests.test_iter7_pins_and_shim.TestManifestPins" name="test_package_declared[motor-/app/backend/requirements.txt]" time="0.000" /><testcase classname="tests.test_iter7_pins_and_shim.TestManifestPins" name="test_package_declared[motor-/app/requirements.txt]" time="0.001" /><testcase classname="tests.test_iter7_pins_and_shim.TestManifestPins" name="test_package_declared[pymongo-/app/backend/requirements.txt]" time="0.000" /><testcase classname="tests.test_iter7_pins_and_shim.TestManifestPins" name="test_package_declared[pymongo-/app/requirements.txt]" time="0.000" /><testcase classname="tests.test_iter7_pins_and_shim.TestManifestPins" name="test_package_declared[python-multipart-/app/backend/requirements.txt]" time="0.000" /><testcase classname="tests.test_iter7_pins_and_shim.TestManifestPins" name="test_package_declared[python-multipart-/app/requirements.txt]" time="0.000" /><testcase classname="tests.test_iter7_pins_and_shim.TestManifestPins" name="test_package_declared[pillow-/app/backend/requirements.txt]" time="0.000" /><testcase classname="tests.test_iter7_pins_and_shim.TestManifestPins" name="test_package_declared[pillow-/app/requirements.txt]" time="0.000" /><testcase classname="tests.test_iter7_pins_and_shim.TestManifestPins" name="test_package_declared[pytesseract-/app/backend/requirements.txt]" time="0.000" /><testcase classname="tests.test_iter7_pins_and_shim.TestManifestPins" name="test_package_declared[pytesseract-/app/requirements.txt]" time="0.000" /><testcase classname="tests.test_iter7_pins_and_shim.TestManifestPins" name="test_package_declared[python-dotenv-/app/backend/requirements.txt]" time="0.000" /><testcase classname="tests.test_iter7_pins_and_shim.TestManifestPins" name="test_package_declared[python-dotenv-/app/requirements.txt]" time="0.000" /><testcase classname="tests.test_iter7_pins_and_shim.TestManifestPins" name="test_package_declared[httpx-/app/backend/requirements.txt]" time="0.000" /><testcase classname="tests.test_iter7_pins_and_shim.TestManifestPins" name="test_package_declared[httpx-/app/requirements.txt]" time="0.001" /><testcase classname="tests.test_iter7_pins_and_shim.TestManifestPins" name="test_package_declared[bcrypt-/app/backend/requirements.txt]" time="0.001" /><testcase classname="tests.test_iter7_pins_and_shim.TestManifestPins" name="test_package_declared[bcrypt-/app/requirements.txt]" time="0.001" /><testcase classname="tests.test_iter7_pins_and_shim.TestManifestPins" name="test_package_declared[emergentintegrations-/app/backend/requirements.txt]" time="0.001" /><testcase classname="tests.test_iter7_pins_and_shim.TestManifestPins" name="test_package_declared[emergentintegrations-/app/requirements.txt]" time="0.000" /><testcase classname="tests.test_iter7_pins_and_shim.TestManifestPins" name="test_fastapi_upper_bound_excludes_annotated_doc_era[/app/backend/requirements.txt]" time="0.001" /><testcase classname="tests.test_iter7_pins_and_shim.TestManifestPins" name="test_fastapi_upper_bound_excludes_annotated_doc_era[/app/requirements.txt]" time="0.001" /><testcase classname="tests.test_iter7_pins_and_shim.TestManifestPins" name="test_uvicorn_bounded_with_standard_extra[/app/backend/requirements.txt]" time="0.001" /><testcase classname="tests.test_iter7_pins_and_shim.TestManifestPins" name="test_uvicorn_bounded_with_standard_extra[/app/requirements.txt]" time="0.001" /><testcase classname="tests.test_iter7_pins_and_shim.TestManifestPins" name="test_starlette_bounded[/app/backend/requirements.txt]" time="0.000" /><testcase classname="tests.test_iter7_pins_and_shim.TestManifestPins" name="test_starlette_bounded[/app/requirements.txt]" time="0.000" /><testcase classname="tests.test_iter7_pins_and_shim.TestManifestPins" name="test_pydantic_bounded_below_v3[/app/backend/requirements.txt]" time="0.001" /><testcase classname="tests.test_iter7_pins_and_shim.TestManifestPins" name="test_pydantic_bounded_below_v3[/app/requirements.txt]" time="0.000" /><testcase classname="tests.test_iter7_pins_and_shim.TestManifestPins" name="test_annotated_doc_and_click_minimums[/app/backend/requirements.txt]" time="0.001" /><testcase classname="tests.test_iter7_pins_and_shim.TestManifestPins" name="test_annotated_doc_and_click_minimums[/app/requirements.txt]" time="0.001" /><testcase classname="tests.test_iter7_pins_and_shim.TestManifestPins" name="test_manifests_identical" time="0.000" /><testcase classname="tests.test_iter7_pins_and_shim.TestPipDryRun" name="test_dry_run_exit_zero" time="0.626" /><testcase classname="tests.test_iter7_pins_and_shim.TestPipDryRun" name="test_fastapi_resolved_below_0116" time="0.263" /><testcase classname="tests.test_iter7_pins_and_shim.TestPipDryRun" name="test_annotated_doc_in_plan_or_installed" time="0.275" /><testcase classname="tests.test_iter7_pins_and_shim.TestPipDryRun" name="test_no_resolver_conflict" time="0.000" /><testcase classname="tests.test_iter7_pins_and_shim.TestEntryPoints" name="test_shim_file_thin_and_reexports" time="0.000" /><testcase classname="tests.test_iter7_pins_and_shim.TestEntryPoints" name="test_server_app_importable_from_backend_cwd" time="2.328" /><testcase classname="tests.test_iter7_pins_and_shim.TestEntryPoints" name="test_app_main_importable_from_root_cwd" time="2.175" /><testcase classname="tests.test_iter7_pins_and_shim.TestEntryPoints" name="test_both_entry_points_same_app_object" time="2.211" /><testcase classname="tests.test_iter7_pins_and_shim.TestEntryPoints" name="test_shim_exposes_api_routes" time="2.302" /><testcase classname="tests.test_iter7_pins_and_shim" name="test_installed_fastapi_matches_pin" time="0.002" /><testcase classname="tests.test_iter8_deploy_smoke.TestEnvFilesNotGitIgnored" name="test_env_file_exists[frontend/.env]" time="0.000" /><testcase classname="tests.test_iter8_deploy_smoke.TestEnvFilesNotGitIgnored" name="test_env_file_exists[backend/.env]" time="0.000" /><testcase classname="tests.test_iter8_deploy_smoke.TestEnvFilesNotGitIgnored" name="test_env_file_not_git_ignored[frontend/.env]" time="0.004"><failure message="AssertionError: frontend/.env IS git-ignored (rc=0)&#10;assert 0 == 1&#10; +  where 0 = CompletedProcess(args=['git', 'check-ignore', '-q', 'frontend/.env'], returncode=0, stdout=b'', stderr=b'').returncode">tests/test_iter8_deploy_smoke.py:74: in test_env_file_not_git_ignored
    assert proc.returncode == 1, f"{rel} IS git-ignored (rc={proc.returncode})"
E   AssertionError: frontend/.env IS git-ignored (rc=0)
E   assert 0 == 1
E    +  where 0 = CompletedProcess(args=['git', 'check-ignore', '-q', 'frontend/.env'], returncode=0, stdout=b'', stderr=b'').returncode</failure></testcase><testcase classname="tests.test_iter8_deploy_smoke.TestEnvFilesNotGitIgnored" name="test_env_file_not_git_ignored[backend/.env]" time="0.008"><failure message="AssertionError: backend/.env IS git-ignored (rc=0)&#10;assert 0 == 1&#10; +  where 0 = CompletedProcess(args=['git', 'check-ignore', '-q', 'backend/.env'], returncode=0, stdout=b'', stderr=b'').returncode">tests/test_iter8_deploy_smoke.py:74: in test_env_file_not_git_ignored
    assert proc.returncode == 1, f"{rel} IS git-ignored (rc={proc.returncode})"
E   AssertionError: backend/.env IS git-ignored (rc=0)
E   assert 0 == 1
E    +  where 0 = CompletedProcess(args=['git', 'check-ignore', '-q', 'backend/.env'], returncode=0, stdout=b'', stderr=b'').returncode</failure></testcase><testcase classname="tests.test_iter8_deploy_smoke.TestEnvFilesNotGitIgnored" name="test_gitignore_negations_present[!frontend/.env]" time="0.002" /><testcase classname="tests.test_iter8_deploy_smoke.TestEnvFilesNotGitIgnored" name="test_gitignore_negations_present[!backend/.env]" time="0.000" /><testcase classname="tests.test_iter8_deploy_smoke.TestEnvFilesNotGitIgnored" name="test_protected_keys_present" time="0.001" /><testcase classname="tests.test_iter8_deploy_smoke.TestRequirementsManifest" name="test_fastapi_upper_bound_below_0_116" time="0.001" /><testcase classname="tests.test_iter8_deploy_smoke.TestRequirementsManifest" name="test_annotated_doc_present" time="0.001" /><testcase classname="tests.test_iter8_deploy_smoke.TestRequirementsManifest" name="test_click_present" time="0.000" /><testcase classname="tests.test_iter8_deploy_smoke.TestRequirementsManifest" name="test_root_and_backend_manifests_identical" time="0.001" /><testcase classname="tests.test_iter8_deploy_smoke.TestServerShim" name="test_server_app_is_same_instance_as_app_main" time="2.359" /><testcase classname="tests.test_iter8_deploy_smoke.TestServerShim" name="test_server_app_exposes_api_routes" time="2.321" /><testcase classname="tests.test_iter8_deploy_smoke.TestLiveSmoke" name="test_health" time="0.289" /><testcase classname="tests.test_iter8_deploy_smoke.TestLiveSmoke" name="test_login_returns_token" time="0.403" /><testcase classname="tests.test_iter8_deploy_smoke.TestLiveSmoke" name="test_profile_returns_saved_avatar" time="0.119" /><testcase classname="tests.test_iter8_deploy_smoke.TestLiveSmoke" name="test_barcode_lookup_nutella" time="0.279" /><testcase classname="tests.test_iter8_deploy_smoke.TestLiveSmoke" name="test_scan_barcode_only_returns_claude_analysis" time="26.467" /><testcase classname="tests.test_new_features" name="test_health" time="0.231" /><testcase classname="tests.test_new_features.TestOCR" name="test_ocr_engine_direct" time="0.744" /><testcase classname="tests.test_new_features.TestOCR" name="test_scan_with_image_returns_real_analysis" time="10.716" /><testcase classname="tests.test_new_features.TestBarcode" name="test_barcode_requires_auth" time="0.056" /><testcase classname="tests.test_new_features.TestBarcode" name="test_barcode_food_lookup" time="0.456" /><testcase classname="tests.test_new_features.TestBarcode" name="test_barcode_unknown_404" time="0.119" /><testcase classname="tests.test_new_features.TestBarcode" name="test_barcode_medicine_lookup_openfda" time="1.562" /><testcase classname="tests.test_new_features.TestBarcode" name="test_scan_with_unknown_barcode_and_no_text_400" time="0.106" /><testcase classname="tests.test_new_features.TestBarcode" name="test_scan_via_barcode_only" time="17.888" /><testcase classname="tests.test_new_features.TestAvatar" name="test_avatar_persists" time="0.079" /><testcase classname="tests.test_new_features.TestAvatar" name="test_avatar_invalid_data_url_400" time="0.035" /><testcase classname="tests.test_new_features.TestAvatar" name="test_avatar_too_large_413" time="0.068" /><testcase classname="tests.test_new_features.TestAvatar" name="test_avatar_not_lost_on_unrelated_update" time="0.124" /></testsuite></testsuites>