<?xml version="1.0" encoding="utf-8"?><testsuites name="pytest tests"><testsuite name="pytest" errors="0" failures="0" skipped="0" tests="2" time="0.249" timestamp="2026-08-24T09:48:54.526123+00:00" hostname="agent-env-cb5958a8-61bb-453d-9313-bce9a37c4b1e"><testcase classname="backend.tests.backend_test" name="test_auth_profile_scan_history_isolation" time="0.150" /><testcase classname="backend.tests.backend_test" name="test_medicine_scan_disclaimer_and_validation" time="0.045" /></testsuite></testsuites>