<?xml version="1.0" encoding="utf-8"?><testsuites name="pytest tests"><testsuite name="pytest" errors="0" failures="0" skipped="0" tests="22" time="42.641" timestamp="2026-08-24T10:32:13.743256+00:00" hostname="agent-env-cb5958a8-61bb-453d-9313-bce9a37c4b1e"><testcase classname="backend.tests.backend_test.TestHealth" name="test_health" time="0.285" /><testcase classname="backend.tests.backend_test.TestAuth" name="test_register_returns_token_and_user" time="0.418" /><testcase classname="backend.tests.backend_test.TestAuth" name="test_register_duplicate_email_conflicts" time="0.292" /><testcase classname="backend.tests.backend_test.TestAuth" name="test_login_valid_credentials" time="0.277" /><testcase classname="backend.tests.backend_test.TestAuth" name="test_login_invalid_password_401" time="0.526" /><testcase classname="backend.tests.backend_test.TestAuth" name="test_login_unknown_email_401" time="0.033" /><testcase classname="backend.tests.backend_test.TestAuth" name="test_brute_force_lockout_429" time="1.636" /><testcase classname="backend.tests.backend_test.TestAuth" name="test_me_without_token_401" time="0.029" /><testcase classname="backend.tests.backend_test.TestAuth" name="test_me_with_tampered_token_401" time="0.282" /><testcase classname="backend.tests.backend_test.TestAuth" name="test_password_hash_is_bcrypt" time="0.139" /><testcase classname="backend.tests.backend_test.TestProfile" name="test_profile_requires_auth" time="0.061" /><testcase classname="backend.tests.backend_test.TestProfile" name="test_default_profile_is_empty" time="0.289" /><testcase classname="backend.tests.backend_test.TestProfile" name="test_profile_update_persists" time="0.066" /><testcase classname="backend.tests.backend_test.TestScan" name="test_scan_requires_auth" time="0.030" /><testcase classname="backend.tests.backend_test.TestScan" name="test_scan_without_file_or_text_400" time="0.032" /><testcase classname="backend.tests.backend_test.TestScan" name="test_food_scan_shape_and_personalisation" time="11.772" /><testcase classname="backend.tests.backend_test.TestScan" name="test_medicine_scan_returns_notice" time="11.487" /><testcase classname="backend.tests.backend_test.TestScan" name="test_invalid_mode_defaults_to_food" time="14.253" /><testcase classname="backend.tests.backend_test.TestHistory" name="test_history_requires_auth" time="0.078" /><testcase classname="backend.tests.backend_test.TestHistory" name="test_history_contains_scans_newest_first" time="0.031" /><testcase classname="backend.tests.backend_test.TestHistory" name="test_user_isolation" time="0.380" /><testcase classname="backend.tests.backend_test.TestHistory" name="test_clear_history" time="0.136" /></testsuite></testsuites>